<?xml version="1.0" encoding="utf-8"?><testsuites name="pytest tests"><testsuite name="pytest" errors="0" failures="0" skipped="1" tests="130" time="7.563" timestamp="2026-08-18T16:14:04.756382+00:00" hostname="agent-env-d00d3831-d51c-46f8-bbee-1a112c40a8ac"><testcase classname="tests.test_channel_selection.TestOnMyChatMember" name="test_promotion_does_not_add_channel" time="0.002" /><testcase classname="tests.test_channel_selection.TestOnMyChatMember" name="test_demotion_removes_channel[left]" time="0.001" /><testcase classname="tests.test_channel_selection.TestOnMyChatMember" name="test_demotion_removes_channel[kicked]" time="0.001" /><testcase classname="tests.test_channel_selection.TestOnMyChatMember" name="test_demotion_removes_channel[member]" time="0.001" /><testcase classname="tests.test_channel_selection.TestOnMyChatMember" name="test_non_channel_chat_ignored" time="0.001" /><testcase classname="tests.test_channel_selection.TestOnMyChatMember" name="test_missing_my_chat_member_ignored" time="0.001" /><testcase classname="tests.test_channel_selection.TestOnChatShared" name="test_adds_when_bot_is_admin[administrator]" time="0.001" /><testcase classname="tests.test_channel_selection.TestOnChatShared" name="test_adds_when_bot_is_admin[creator]" time="0.001" /><testcase classname="tests.test_channel_selection.TestOnChatShared" name="test_rejected_when_not_admin[member]" time="0.001" /><testcase classname="tests.test_channel_selection.TestOnChatShared" name="test_rejected_when_not_admin[left]" time="0.001" /><testcase classname="tests.test_channel_selection.TestOnChatShared" name="test_rejected_when_not_admin[restricted]" time="0.001" /><testcase classname="tests.test_channel_selection.TestOnChatShared" name="test_rejected_when_get_chat_member_raises" time="0.001" /><testcase classname="tests.test_channel_selection.TestOnChatShared" name="test_wrong_request_id_ignored" time="0.001" /><testcase classname="tests.test_channel_selection.TestOnChatShared" name="test_duplicate_channel_updates_title" time="0.001" /><testcase classname="tests.test_channel_selection.TestOnChatShared" name="test_non_admin_user_ignored" time="0.001" /><testcase classname="tests.test_channel_selection.TestChannelSelectUI" name="test_keyboard_marks_selection" time="0.001" /><testcase classname="tests.test_channel_selection.TestChannelSelectUI" name="test_view_header_and_hint" time="0.001" /><testcase classname="tests.test_channel_selection.TestChannelSelectUI" name="test_max_constant" time="0.000" /><testcase classname="tests.test_channel_selection.TestScToggle" name="test_select_then_deselect" time="0.001" /><testcase classname="tests.test_channel_selection.TestScToggle" name="test_third_channel_rejected" time="0.001" /><testcase classname="tests.test_channel_selection.TestScToggle" name="test_unknown_channel" time="0.001" /><testcase classname="tests.test_channel_selection.TestScToggle" name="test_blocked_while_session_running" time="0.001" /><testcase classname="tests.test_channel_selection.TestScGo" name="test_zero_channels_rejected" time="0.001" /><testcase classname="tests.test_channel_selection.TestScGo" name="test_manual_flow_with_two_channels" time="0.001" /><testcase classname="tests.test_channel_selection.TestScGo" name="test_manual_flow_with_one_channel" time="0.001" /><testcase classname="tests.test_channel_selection.TestScGo" name="test_auto_flow" time="0.001" /><testcase classname="tests.test_channel_selection.TestScGo" name="test_stale_auto_does_not_hijack_manual_flow" time="0.001"><skipped type="pytest.xfail" message="DEFECT: stale UI['auto'] from an abandoned Auto Select flow is not cleared when a market category is chosen, so 'scgo' starts an AUTO session and ignores the manually selected markets" /></testcase><testcase classname="tests.test_channel_selection.TestScGo" name="test_blocked_while_running" time="0.001" /><testcase classname="tests.test_channel_selection.TestScGo" name="test_go_opens_channel_select" time="0.001" /><testcase classname="tests.test_channel_selection.TestScGo" name="test_aok_opens_channel_select" time="0.001" /><testcase classname="tests.test_channel_selection.TestScGo" name="test_aok_without_channels_alerts" time="0.001" /><testcase classname="tests.test_channel_selection.TestSessionManagerChannels" name="test_defaults" time="0.000" /><testcase classname="tests.test_channel_selection.TestSessionManagerChannels" name="test_start_stores_channels" time="0.000" /><testcase classname="tests.test_channel_selection.TestSessionManagerChannels" name="test_start_with_none_channels" time="0.000" /><testcase classname="tests.test_channel_selection.TestBroadcast" name="test_photo_to_all_channels" time="0.000" /><testcase classname="tests.test_channel_selection.TestBroadcast" name="test_text_to_all_channels" time="0.000" /><testcase classname="tests.test_channel_selection.TestBroadcast" name="test_failure_on_first_does_not_block_second" time="0.000" /><testcase classname="tests.test_channel_selection.TestBroadcast" name="test_gap_only_between_channels" time="0.000" /><testcase classname="tests.test_channel_selection.TestBroadcast" name="test_no_channels_no_send" time="0.000" /><testcase classname="tests.test_channel_selection.TestRecordAndPartial" name="test_record_has_channel_ids" time="0.001" /><testcase classname="tests.test_channel_selection.TestRecordAndPartial" name="test_record_channel_id_none_without_channels" time="0.001" /><testcase classname="tests.test_channel_selection.TestRecordAndPartial" name="test_send_partial_no_channels" time="0.001" /><testcase classname="tests.test_channel_selection.TestRecordAndPartial" name="test_send_partial_no_signals" time="0.001" /><testcase classname="tests.test_channel_selection.TestRecordAndPartial" name="test_send_partial_broadcasts_to_all" time="0.001" /><testcase classname="tests.test_martingale_pnl.TestComputeDelta" name="test_legacy_sanity_asserts_still_hold" time="0.000" /><testcase classname="tests.test_martingale_pnl.TestComputeDelta" name="test_p1_all_results[0.0-expected0]" time="0.001" /><testcase classname="tests.test_martingale_pnl.TestComputeDelta" name="test_p1_all_results[3.0-expected1]" time="0.000" /><testcase classname="tests.test_martingale_pnl.TestComputeDelta" name="test_p1_all_results[27.0-expected2]" time="0.000" /><testcase classname="tests.test_martingale_pnl.TestComputeDelta" name="test_scales_linearly_with_per_trade_pct[0.5]" time="0.000" /><testcase classname="tests.test_martingale_pnl.TestComputeDelta" name="test_scales_linearly_with_per_trade_pct[1.0]" time="0.000" /><testcase classname="tests.test_martingale_pnl.TestComputeDelta" name="test_scales_linearly_with_per_trade_pct[2.5]" time="0.000" /><testcase classname="tests.test_martingale_pnl.TestComputeDelta" name="test_wintmg_math_matches_documented_formula" time="0.000" /><testcase classname="tests.test_martingale_pnl.TestComputeDelta" name="test_positive_or_zero_neg_deficit_is_treated_as_no_deficit" time="0.000" /><testcase classname="tests.test_martingale_pnl.TestMartingaleChain" name="test_single_loss" time="0.000" /><testcase classname="tests.test_martingale_pnl.TestMartingaleChain" name="test_loss_then_win" time="0.000" /><testcase classname="tests.test_martingale_pnl.TestMartingaleChain" name="test_loss_then_mtg_win" time="0.000" /><testcase classname="tests.test_martingale_pnl.TestMartingaleChain" name="test_two_losses_then_win" time="0.000" /><testcase classname="tests.test_martingale_pnl.TestMartingaleChain" name="test_three_losses" time="0.000" /><testcase classname="tests.test_martingale_pnl.TestMartingaleChain" name="test_win_then_loss_then_win_bug_case" time="0.000" /><testcase classname="tests.test_martingale_pnl.TestMartingaleChain" name="test_every_loss_accumulates_not_just_one" time="0.000" /><testcase classname="tests.test_martingale_pnl.TestMartingaleChain" name="test_chain_scales_with_per_trade_pct" time="0.000" /><testcase classname="tests.test_martingale_pnl.TestSessionManagerState" name="test_init_defaults" time="0.000" /><testcase classname="tests.test_martingale_pnl.TestSessionManagerState" name="test_start_resets_deficit_pnl_signals" time="0.000" /><testcase classname="tests.test_martingale_pnl.TestSessionManagerState" name="test_second_session_does_not_inherit_state" time="0.000" /><testcase classname="tests.test_martingale_pnl.TestSignalRecordFields" name="test_record_contains_pnl_and_deficit_fields" time="0.002" /><testcase classname="tests.test_martingale_pnl.TestRendering" name="test_fmt_pct[27.0-+27]" time="0.000" /><testcase classname="tests.test_martingale_pnl.TestRendering" name="test_fmt_pct[-243.0--243]" time="0.000" /><testcase classname="tests.test_martingale_pnl.TestRendering" name="test_fmt_pct[3.0-+3]" time="0.000" /><testcase classname="tests.test_martingale_pnl.TestRendering" name="test_fmt_pct[0.0-+0]" time="0.000" /><testcase classname="tests.test_martingale_pnl.TestRendering" name="test_fmt_pct[4.0-+4]" time="0.000" /><testcase classname="tests.test_martingale_pnl.TestRendering" name="test_fmt_pct[1.5-+1.5]" time="0.000" /><testcase classname="tests.test_martingale_pnl.TestRendering" name="test_fmt_pct[-2.0--2]" time="0.000" /><testcase classname="tests.test_martingale_pnl.TestRendering" name="test_result_caption_gain" time="0.000" /><testcase classname="tests.test_martingale_pnl.TestRendering" name="test_result_caption_loss" time="0.000" /><testcase classname="tests.test_martingale_pnl.TestRendering" name="test_result_caption_templates_unchanged" time="0.000" /><testcase classname="tests.test_martingale_pnl.TestRendering" name="test_signal_caption_template_unchanged" time="0.000" /><testcase classname="tests.test_martingale_pnl.TestRendering" name="test_partial_text_uses_session_pnl" time="0.000" /><testcase classname="tests.test_martingale_pnl.TestRendering" name="test_partial_text_negative_total" time="0.000" /><testcase classname="tests.test_martingale_pnl.TestRendering" name="test_partial_text_none_without_signals" time="0.000" /><testcase classname="tests.test_premium_emoji_pipeline.TestImports" name="test_bot_imports_in_clean_subprocess" time="3.651" /><testcase classname="tests.test_premium_emoji_pipeline.TestImports" name="test_to_entities_importable_by_name" time="0.000" /><testcase classname="tests.test_premium_emoji_pipeline.TestImports" name="test_module_exports_used_by_other_modules" time="0.000" /><testcase classname="tests.test_premium_emoji_pipeline.TestLoad" name="test_json_file_content" time="0.000" /><testcase classname="tests.test_premium_emoji_pipeline.TestLoad" name="test_load_premium_emojis" time="0.000" /><testcase classname="tests.test_premium_emoji_pipeline.TestLoad" name="test_recreates_default_file_when_deleted" time="0.001" /><testcase classname="tests.test_premium_emoji_pipeline.TestLoad" name="test_reload_picks_up_edits" time="0.001" /><testcase classname="tests.test_premium_emoji_pipeline.TestPEmoji" name="test_known_emoji_wrapped" time="0.000" /><testcase classname="tests.test_premium_emoji_pipeline.TestPEmoji" name="test_unknown_emoji_untouched" time="0.000" /><testcase classname="tests.test_premium_emoji_pipeline.TestPremiumize" name="test_all_known_emoji_converted[\u2728 \U0001d683\U0001d68a\U0001d67d\U0001d692\U0001d6a1 \U0001d670\U0001d695\U0001d699\U0001d691\U0001d68a \U0001d7f8.\U0001d7f6 \u2728\n\u2501\u2501\u2501\u2501\u2501\u2501\u2501\u2501\u2501\u2501\u2501\u2501\u2501\u2501\u2501\u2501\u2501\u2501\u2501\u2501\n\n\U0001f48e \U0001d670\U0001d69c\U0001d69c\U0001d68e\U0001d69d : \U0001d674\U0001d684\U0001d681/\U0001d684\U0001d682\U0001d673 \U0001d67e\U0001d683\U0001d672\n\n\U0001f525 \U0001d682\U0001d692\U0001d690\U0001d697\U0001d68a\U0001d695 : \U0001f7e2 \U0001d672\U0001d670\U0001d67b\U0001d67b\n\u23f3 \U0001d674\U0001d697\U0001d69d\U0001d69b\U0001d6a2 \U0001d683\U0001d692\U0001d696\U0001d68e : \U0001d7f7\U0001d7f8:\U0001d7f9\U0001d7f6:\U0001d7f6\U0001d7f6\n\U0001f4b5 \U0001d67f\U0001d68a\U0001d6a2\U0001d698\U0001d69e\U0001d69d : \U0001d7ff\U0001d7f8%\n\U0001f6e1 \U0001d67c\U0001d683\U0001d676 : \U0001d7f7 - \U0001d682\U0001d69d\U0001d68e\U0001d699\n\n\U0001f451 \U0001d67e\U0001d6a0\U0001d697\U0001d68e\U0001d69b : @\U0001d698\U0001d6a0\U0001d697\U0001d68e\U0001d69b\n\u2501\u2501\u2501\u2501\u2501\u2501\u2501\u2501\u2501\u2501\u2501\u2501\u2501\u2501\u2501\u2501\u2501\u2501\u2501\u2501]" time="0.000" /><testcase classname="tests.test_premium_emoji_pipeline.TestPremiumize" name="test_all_known_emoji_converted[\U0001f4ca \U0001d682\U0001d678\U0001d676\U0001d67d\U0001d670\U0001d67b \U0001d681\U0001d674\U0001d682\U0001d684\U0001d67b\U0001d683\n\u2501\u2501\u2501\u2501\u2501\u2501\u2501\u2501\u2501\u2501\u2501\u2501\u2501\u2501\u2501\u2501\u2501\u2501\u2501\u2501\u2501\n\n\U0001f48e \U0001d670\U0001d69c\U0001d69c\U0001d68e\U0001d69d : \U0001d674\U0001d684\U0001d681/\U0001d684\U0001d682\U0001d673 \U0001d67e\U0001d683\U0001d672\n\U0001f525 \U0001d682\U0001d692\U0001d690\U0001d697\U0001d68a\U0001d695 : \U0001f7e2 \U0001d672\U0001d670\U0001d67b\U0001d67b\n\u23f3 \U0001d683\U0001d692\U0001d696\U0001d68e : \U0001d7f7\U0001d7f8:\U0001d7f9\U0001d7f6:\U0001d7f6\U0001d7f6\n\n\U0001f3af \U0001d681\U0001d68e\U0001d69c\U0001d69e\U0001d695\U0001d69d : \u2705 \U0001d686\U0001d678\U0001d67d\n\u2501\u2501\u2501\u2501\u2501\u2501\u2501\u2501\u2501\u2501\u2501\u2501\u2501\u2501\u2501\u2501\u2501\u2501\u2501\u2501\u2501\n\n\U0001f44d \U0001d686\U0001d678\U0001d67d : \U0001d7f6\U0001d7f9 | \U0001d67b\U0001d67e\U0001d682\U0001d682 : \U0001d7f6\U0001d7f7 | (\U0001d7fd\U0001d7fb%)\n\U0001f300 \U0001d683\U0001d698\U0001d69d\U0001d68a\U0001d695 : +\U0001d7f7\U0001d7f8.\U0001d7fb% \U0001d676\U0001d670\U0001d678\U0001d67d]" time="0.000" /><testcase classname="tests.test_premium_emoji_pipeline.TestPremiumize" name="test_all_known_emoji_converted[\U0001f4ca \U0001d682\U0001d678\U0001d676\U0001d67d\U0001d670\U0001d67b \U0001d681\U0001d674\U0001d682\U0001d684\U0001d67b\U0001d683\n\u2501\u2501\u2501\u2501\u2501\u2501\u2501\u2501\u2501\u2501\u2501\u2501\u2501\u2501\u2501\u2501\u2501\u2501\u2501\u2501\u2501\n\n\U0001f48e \U0001d670\U0001d69c\U0001d69c\U0001d68e\U0001d69d : \U0001d674\U0001d684\U0001d681/\U0001d684\U0001d682\U0001d673 \U0001d67e\U0001d683\U0001d672\n\U0001f525 \U0001d682\U0001d692\U0001d690\U0001d697\U0001d68a\U0001d695 : \U0001f7e5 \U0001d67f\U0001d684\U0001d683\n\u23f3 \U0001d683\U0001d692\U0001d696\U0001d68e : \U0001d7f7\U0001d7f8:\U0001d7f9\U0001d7f6:\U0001d7f6\U0001d7f6\n\n\U0001f3af \U0001d681\U0001d68e\U0001d69c\U0001d69e\U0001d695\U0001d69d : \u274c \U0001d67b\U0001d67e\U0001d682\U0001d682\n\u2501\u2501\u2501\u2501\u2501\u2501\u2501\u2501\u2501\u2501\u2501\u2501\u2501\u2501\u2501\u2501\u2501\u2501\u2501\u2501\u2501\n\n\U0001f44d \U0001d686\U0001d678\U0001d67d : \U0001d7f6\U0001d7f9 | \U0001d67b\U0001d67e\U0001d682\U0001d682 : \U0001d7f6\U0001d7f8 | (\U0001d7fc\U0001d7f6%)\n\U0001f300 \U0001d683\U0001d698\U0001d69d\U0001d68a\U0001d695 : -\U0001d7fa% \U0001d67b\U0001d67e\U0001d682\U0001d682]" time="0.000" /><testcase classname="tests.test_premium_emoji_pipeline.TestPremiumize" name="test_unknown_emoji_untouched" time="0.000" /><testcase classname="tests.test_premium_emoji_pipeline.TestPremiumize" name="test_idempotent" time="0.000" /><testcase classname="tests.test_premium_emoji_pipeline.TestPremiumize" name="test_partially_tagged_text" time="0.000" /><testcase classname="tests.test_premium_emoji_pipeline.TestPremiumize" name="test_empty_and_none" time="0.000" /><testcase classname="tests.test_premium_emoji_pipeline.TestPremiumize" name="test_strip_is_inverse" time="0.000" /><testcase classname="tests.test_premium_emoji_pipeline.TestToEntities" name="test_offsets_on_real_captions[\u2728 \U0001d683\U0001d68a\U0001d67d\U0001d692\U0001d6a1 \U0001d670\U0001d695\U0001d699\U0001d691\U0001d68a \U0001d7f8.\U0001d7f6 \u2728\n\u2501\u2501\u2501\u2501\u2501\u2501\u2501\u2501\u2501\u2501\u2501\u2501\u2501\u2501\u2501\u2501\u2501\u2501\u2501\u2501\n\n\U0001f48e \U0001d670\U0001d69c\U0001d69c\U0001d68e\U0001d69d : \U0001d674\U0001d684\U0001d681/\U0001d684\U0001d682\U0001d673 \U0001d67e\U0001d683\U0001d672\n\n\U0001f525 \U0001d682\U0001d692\U0001d690\U0001d697\U0001d68a\U0001d695 : \U0001f7e2 \U0001d672\U0001d670\U0001d67b\U0001d67b\n\u23f3 \U0001d674\U0001d697\U0001d69d\U0001d69b\U0001d6a2 \U0001d683\U0001d692\U0001d696\U0001d68e : \U0001d7f7\U0001d7f8:\U0001d7f9\U0001d7f6:\U0001d7f6\U0001d7f6\n\U0001f4b5 \U0001d67f\U0001d68a\U0001d6a2\U0001d698\U0001d69e\U0001d69d : \U0001d7ff\U0001d7f8%\n\U0001f6e1 \U0001d67c\U0001d683\U0001d676 : \U0001d7f7 - \U0001d682\U0001d69d\U0001d68e\U0001d699\n\n\U0001f451 \U0001d67e\U0001d6a0\U0001d697\U0001d68e\U0001d69b : @\U0001d698\U0001d6a0\U0001d697\U0001d68e\U0001d69b\n\u2501\u2501\u2501\u2501\u2501\u2501\u2501\u2501\u2501\u2501\u2501\u2501\u2501\u2501\u2501\u2501\u2501\u2501\u2501\u2501]" time="0.001" /><testcase classname="tests.test_premium_emoji_pipeline.TestToEntities" name="test_offsets_on_real_captions[\U0001f4ca \U0001d682\U0001d678\U0001d676\U0001d67d\U0001d670\U0001d67b \U0001d681\U0001d674\U0001d682\U0001d684\U0001d67b\U0001d683\n\u2501\u2501\u2501\u2501\u2501\u2501\u2501\u2501\u2501\u2501\u2501\u2501\u2501\u2501\u2501\u2501\u2501\u2501\u2501\u2501\u2501\n\n\U0001f48e \U0001d670\U0001d69c\U0001d69c\U0001d68e\U0001d69d : \U0001d674\U0001d684\U0001d681/\U0001d684\U0001d682\U0001d673 \U0001d67e\U0001d683\U0001d672\n\U0001f525 \U0001d682\U0001d692\U0001d690\U0001d697\U0001d68a\U0001d695 : \U0001f7e2 \U0001d672\U0001d670\U0001d67b\U0001d67b\n\u23f3 \U0001d683\U0001d692\U0001d696\U0001d68e : \U0001d7f7\U0001d7f8:\U0001d7f9\U0001d7f6:\U0001d7f6\U0001d7f6\n\n\U0001f3af \U0001d681\U0001d68e\U0001d69c\U0001d69e\U0001d695\U0001d69d : \u2705 \U0001d686\U0001d678\U0001d67d\n\u2501\u2501\u2501\u2501\u2501\u2501\u2501\u2501\u2501\u2501\u2501\u2501\u2501\u2501\u2501\u2501\u2501\u2501\u2501\u2501\u2501\n\n\U0001f44d \U0001d686\U0001d678\U0001d67d : \U0001d7f6\U0001d7f9 | \U0001d67b\U0001d67e\U0001d682\U0001d682 : \U0001d7f6\U0001d7f7 | (\U0001d7fd\U0001d7fb%)\n\U0001f300 \U0001d683\U0001d698\U0001d69d\U0001d68a\U0001d695 : +\U0001d7f7\U0001d7f8.\U0001d7fb% \U0001d676\U0001d670\U0001d678\U0001d67d]" time="0.000" /><testcase classname="tests.test_premium_emoji_pipeline.TestToEntities" name="test_offsets_on_real_captions[\U0001f4ca \U0001d682\U0001d678\U0001d676\U0001d67d\U0001d670\U0001d67b \U0001d681\U0001d674\U0001d682\U0001d684\U0001d67b\U0001d683\n\u2501\u2501\u2501\u2501\u2501\u2501\u2501\u2501\u2501\u2501\u2501\u2501\u2501\u2501\u2501\u2501\u2501\u2501\u2501\u2501\u2501\n\n\U0001f48e \U0001d670\U0001d69c\U0001d69c\U0001d68e\U0001d69d : \U0001d674\U0001d684\U0001d681/\U0001d684\U0001d682\U0001d673 \U0001d67e\U0001d683\U0001d672\n\U0001f525 \U0001d682\U0001d692\U0001d690\U0001d697\U0001d68a\U0001d695 : \U0001f7e5 \U0001d67f\U0001d684\U0001d683\n\u23f3 \U0001d683\U0001d692\U0001d696\U0001d68e : \U0001d7f7\U0001d7f8:\U0001d7f9\U0001d7f6:\U0001d7f6\U0001d7f6\n\n\U0001f3af \U0001d681\U0001d68e\U0001d69c\U0001d69e\U0001d695\U0001d69d : \u274c \U0001d67b\U0001d67e\U0001d682\U0001d682\n\u2501\u2501\u2501\u2501\u2501\u2501\u2501\u2501\u2501\u2501\u2501\u2501\u2501\u2501\u2501\u2501\u2501\u2501\u2501\u2501\u2501\n\n\U0001f44d \U0001d686\U0001d678\U0001d67d : \U0001d7f6\U0001d7f9 | \U0001d67b\U0001d67e\U0001d682\U0001d682 : \U0001d7f6\U0001d7f8 | (\U0001d7fc\U0001d7f6%)\n\U0001f300 \U0001d683\U0001d698\U0001d69d\U0001d68a\U0001d695 : -\U0001d7fa% \U0001d67b\U0001d67e\U0001d682\U0001d682]" time="0.000" /><testcase classname="tests.test_premium_emoji_pipeline.TestToEntities" name="test_accepts_already_tagged_html" time="0.000" /><testcase classname="tests.test_premium_emoji_pipeline.TestToEntities" name="test_surrogate_pairs_shift_offsets" time="0.000" /><testcase classname="tests.test_premium_emoji_pipeline.TestToEntities" name="test_emoji_ids_are_ints" time="0.000" /><testcase classname="tests.test_premium_emoji_pipeline.TestToEntities" name="test_no_entities_when_no_known_emoji" time="0.000" /><testcase classname="tests.test_premium_emoji_pipeline.TestToEntities" name="test_empty_map_returns_plain" time="0.000" /><testcase classname="tests.test_premium_emoji_pipeline.TestUserSender" name="test_configured_false_when_empty" time="0.000" /><testcase classname="tests.test_premium_emoji_pipeline.TestUserSender" name="test_configured_false_when_one_missing[TG_API_ID]" time="0.000" /><testcase classname="tests.test_premium_emoji_pipeline.TestUserSender" name="test_configured_false_when_one_missing[TG_API_HASH]" time="0.000" /><testcase classname="tests.test_premium_emoji_pipeline.TestUserSender" name="test_configured_false_when_one_missing[TG_SESSION]" time="0.000" /><testcase classname="tests.test_premium_emoji_pipeline.TestUserSender" name="test_configured_true_when_all_set" time="0.000" /><testcase classname="tests.test_premium_emoji_pipeline.TestUserSender" name="test_entities_builds_telethon_objects" time="0.000" /><testcase classname="tests.test_premium_emoji_pipeline.TestUserSender" name="test_entities_returns_none_when_nothing_to_attach" time="0.000" /><testcase classname="tests.test_premium_emoji_pipeline.TestUserSender" name="test_send_message_uses_plain_text_and_entities" time="0.001" /><testcase classname="tests.test_premium_emoji_pipeline.TestUserSender" name="test_send_photo_uses_named_buffer" time="0.000" /><testcase classname="tests.test_premium_emoji_pipeline.TestUserSender" name="test_close_disconnects_and_resets" time="0.000" /><testcase classname="tests.test_premium_emoji_pipeline.TestNotifierRouting" name="test_message_goes_to_user_account_when_configured" time="0.000" /><testcase classname="tests.test_premium_emoji_pipeline.TestNotifierRouting" name="test_photo_goes_to_user_account_when_configured" time="0.000" /><testcase classname="tests.test_premium_emoji_pipeline.TestNotifierRouting" name="test_message_falls_back_to_bot_when_user_fails" time="0.001" /><testcase classname="tests.test_premium_emoji_pipeline.TestNotifierRouting" name="test_photo_falls_back_to_bot_when_user_fails" time="0.001" /><testcase classname="tests.test_premium_emoji_pipeline.TestNotifierRouting" name="test_bot_path_when_not_configured" time="0.000" /><testcase classname="tests.test_premium_emoji_pipeline.TestNotifierRouting" name="test_emoji_error_falls_back_to_plain" time="0.000" /><testcase classname="tests.test_premium_emoji_pipeline.TestNotifierRouting" name="test_non_emoji_error_reraised" time="0.000" /><testcase classname="tests.test_premium_emoji_pipeline.TestNotifierRouting" name="test_close_closes_user_and_bot" time="0.000" /><testcase classname="tests.test_premium_emoji_pipeline.TestHtmlSafetyOfBotPath" name="test_raw_lt_and_amp_are_escaped_in_bot_payload" time="0.000" /><testcase classname="tests.test_premium_emoji_pipeline.TestHtmlSafetyOfBotPath" name="test_plain_html_fallback_is_escaped" time="0.000" /><testcase classname="tests.test_premium_emoji_pipeline.TestHtmlSafetyOfBotPath" name="test_user_account_path_keeps_raw_characters" time="0.000" /><testcase classname="tests.test_premium_emoji_pipeline.TestHtmlSafetyOfBotPath" name="test_parse_error_is_treated_as_emoji_error" time="0.000" /><testcase classname="tests.test_premium_emoji_pipeline.TestNotifierVerify" name="test_kept_custom_emoji_detection" time="0.000" /><testcase classname="tests.test_premium_emoji_pipeline.TestNotifierVerify" name="test_warns_once_when_emoji_dropped" time="0.001" /><testcase classname="tests.test_premium_emoji_pipeline.TestNotifierVerify" name="test_no_warning_when_kept" time="0.001" /><testcase classname="tests.test_premium_emoji_pipeline.TestNotifierVerify" name="test_no_verify_when_no_tags_in_text" time="0.001" /></testsuite></testsuites>