<?xml version="1.0" encoding="utf-8"?><testsuites name="pytest tests"><testsuite name="pytest" errors="0" failures="0" skipped="0" tests="70" time="92.577" timestamp="2026-08-10T19:10:37.982100+00:00" hostname="agent-env-d6bc27a9-a317-457e-b600-19446ba87366"><testcase classname="tests.test_messages.TestSignalCaption" name="test_all_emoji_ids_present_call" time="0.000" /><testcase classname="tests.test_messages.TestSignalCaption" name="test_put_direction" time="0.000" /><testcase classname="tests.test_messages.TestSignalCaption" name="test_payout_zero_shows_em_dash" time="0.000" /><testcase classname="tests.test_messages.TestSignalCaption" name="test_payout_none_shows_em_dash" time="0.000" /><testcase classname="tests.test_messages.TestSignalCaption" name="test_html_escape_of_dynamic_values" time="0.000" /><testcase classname="tests.test_messages.TestSignalCaption" name="test_divider_after_brand_and_owner" time="0.000" /><testcase classname="tests.test_messages.TestResultCaption" name="test_win" time="0.000" /><testcase classname="tests.test_messages.TestResultCaption" name="test_win_mtg" time="0.000" /><testcase classname="tests.test_messages.TestResultCaption" name="test_loss" time="0.000" /><testcase classname="tests.test_messages.TestResultCaption" name="test_html_escape" time="0.000" /><testcase classname="tests.test_messages.TestStripCustomEmoji" name="test_strips_all_tags_leaves_plain" time="0.000" /><testcase classname="tests.test_messages.TestStripCustomEmoji" name="test_strips_result_caption" time="0.000" /><testcase classname="tests.test_messages.TestStripCustomEmoji" name="test_no_tags_unchanged" time="0.000" /><testcase classname="tests.test_messages.TestNotifier" name="test_import_does_not_construct_bot" time="0.000" /><testcase classname="tests.test_messages.TestNotifier" name="test_bot_property_lazy_and_html_parse_mode" time="0.024" /><testcase classname="tests.test_messages.TestNotifier" name="test_send_photo_success_html" time="0.024" /><testcase classname="tests.test_messages.TestNotifier" name="test_send_photo_fallback_on_emoji_error" time="0.025" /><testcase classname="tests.test_messages.TestNotifier" name="test_send_photo_non_emoji_error_reraised" time="0.024" /><testcase classname="tests.test_messages.TestNotifier" name="test_send_message_success" time="0.024" /><testcase classname="tests.test_messages.TestNotifier" name="test_send_message_fallback_and_persist" time="0.026" /><testcase classname="tests.test_messages.TestNotifier" name="test_send_message_non_emoji_error_reraised" time="0.024" /><testcase classname="tests.test_messages.TestSessionsIntegration" name="test_sessions_does_not_import_io_or_use_ptb_for_channel" time="0.001" /><testcase classname="tests.test_messages.TestSessionsIntegration" name="test_wrappers_still_exist" time="0.000" /><testcase classname="tests.test_messages.TestSessionsIntegration" name="test_run_signal_uses_notify_with_real_payout" time="0.001" /><testcase classname="tests.test_messages.TestSessionsIntegration" name="test_run_signal_payout_zero_shows_em_dash" time="0.000" /><testcase classname="tests.test_messages.TestSessionsIntegration" name="test_send_partial_uses_notify_send_message" time="0.000" /><testcase classname="tests.test_messages.TestTwoLibraryCoexistence" name="test_no_aiogram_dispatcher_polling" time="0.003" /><testcase classname="tests.test_messages.TestTwoLibraryCoexistence" name="test_bot_py_awaits_notify_close" time="0.000" /><testcase classname="tests.test_messages.TestTwoLibraryCoexistence" name="test_requirements_has_both_libs" time="0.000" /><testcase classname="tests.test_messages.TestBotManualPayout" name="test_manual_selection_copies_real_payout" time="0.000" /><testcase classname="tests.test_messages.TestImports" name="test_import[messages]" time="0.000" /><testcase classname="tests.test_messages.TestImports" name="test_import[notifier]" time="0.000" /><testcase classname="tests.test_messages.TestImports" name="test_import[analysis]" time="0.000" /><testcase classname="tests.test_messages.TestImports" name="test_import[strategies]" time="0.000" /><testcase classname="tests.test_messages.TestImports" name="test_import[indicators_py]" time="0.000" /><testcase classname="tests.test_messages.TestImports" name="test_import[storage]" time="0.000" /><testcase classname="tests.test_messages.TestImports" name="test_import[sessions]" time="0.000" /><testcase classname="tests.test_messages.TestImports" name="test_import[bot]" time="0.000" /><testcase classname="tests.test_messages.TestImports" name="test_import[charting]" time="0.000" /><testcase classname="tests.test_strategies.TestQuantumRemoved" name="test_registry_keys" time="0.000" /><testcase classname="tests.test_strategies.TestQuantumRemoved" name="test_module_surface_has_no_quantum" time="0.000" /><testcase classname="tests.test_strategies.TestQuantumRemoved" name="test_no_quantum_references_in_backend" time="0.003" /><testcase classname="tests.test_strategies.TestOTCRegistry" name="test_metadata" time="0.000" /><testcase classname="tests.test_strategies.TestOTCRegistry" name="test_about_text" time="0.000" /><testcase classname="tests.test_strategies.TestNeverSilent" name="test_none_only_when_too_few" time="0.001" /><testcase classname="tests.test_strategies.TestNeverSilent" name="test_never_none_across_many_seeds_and_regimes" time="1.145" /><testcase classname="tests.test_strategies.TestNeverSilent" name="test_result_shape" time="0.004" /><testcase classname="tests.test_strategies.TestRegime" name="test_modules_count_and_weights" time="0.000" /><testcase classname="tests.test_strategies.TestRegime" name="test_trend_regime_on_strong_trend" time="0.089" /><testcase classname="tests.test_strategies.TestRegime" name="test_range_regime_on_mean_reversion" time="0.078" /><testcase classname="tests.test_strategies.TestRegime" name="test_reason_agree_count_matches_reality" time="1.109" /><testcase classname="tests.test_strategies.TestRegime" name="test_reason_names_regime_and_efficiency" time="0.004" /><testcase classname="tests.test_strategies.TestCalibration" name="test_calibration_monotonic_ish_and_above_random" time="48.403" /><testcase classname="tests.test_strategies.TestCalibration" name="test_no_saturation_on_pure_noise" time="10.282" /><testcase classname="tests.test_strategies.TestEdgeVsClassic" name="test_edge_mean_reverting" time="12.903" /><testcase classname="tests.test_strategies.TestEdgeVsClassic" name="test_edge_trend_persistent" time="13.764" /><testcase classname="tests.test_strategies.TestAdaptiveAndPersistence" name="test_adaptive_clamped_and_default_below_min_samples" time="0.001" /><testcase classname="tests.test_strategies.TestAdaptiveAndPersistence" name="test_adaptive_clamp_range_on_full_history" time="0.004" /><testcase classname="tests.test_strategies.TestAdaptiveAndPersistence" name="test_persistence_sign_flips" time="0.000" /><testcase classname="tests.test_strategies.TestSessionWiring" name="test_session_constants_intact" time="0.000" /><testcase classname="tests.test_strategies.TestSessionWiring" name="test_pick_best_otc" time="0.783" /><testcase classname="tests.test_strategies.TestSessionWiring" name="test_pick_best_classic" time="0.007" /><testcase classname="tests.test_strategies.TestSettingsUI" name="test_settings_view_shows_active_name" time="0.002" /><testcase classname="tests.test_strategies.TestSettingsUI" name="test_strategy_view_lists_both_with_tick_and_info" time="0.002" /><testcase classname="tests.test_strategies.TestSettingsUI" name="test_strategy_about_view" time="0.000" /><testcase classname="tests.test_strategies.TestSettingsUI" name="test_storage_persist_and_analysis_routes" time="0.003" /><testcase classname="tests.test_strategies.TestNoRegression" name="test_all_modules_import" time="0.000" /><testcase classname="tests.test_strategies.TestNoRegression" name="test_charting_render_60" time="0.407" /><testcase classname="tests.test_strategies.TestNoRegression" name="test_classic_min_candles_and_cap" time="0.000" /><testcase classname="tests.test_strategies.TestNoRegression" name="test_classic_reason_strings_unchanged" time="0.001" /></testsuite></testsuites>